Name                 Stmts   Miss  Cover   Missing
--------------------------------------------------
test_data_clean.py      26      0   100%
--------------------------------------------------
TOTAL                   26      0   100%
Name                       Stmts   Miss  Cover   Missing
--------------------------------------------------------
online_eval/test_main.py       8      0   100%
--------------------------------------------------------
TOTAL                          8      0   100%
